  hde64.c
  main.cpp
C:\Users\dorge\Downloads\gdrv-loader-master (1)\gdrv-loader-master\src\ntdll.h(2794,1): warning C4005: 'FLS_MAXIMUM_AVAILABLE': macro redefinition
C:\Users\dorge\Downloads\gdrv-loader-master (1)\gdrv-loader-master\src\ntdll.h(2794,1): warning C4005: #define FLS_MAXIMUM_AVAILABLE 128
C:\Users\dorge\Downloads\gdrv-loader-master (1)\gdrv-loader-master\src\ntdll.h(2794,1): warning C4005: ^
C:\Program Files (x86)\Windows Kits\10\Include\10.0.22621.0\um\winnt.h(12270): message : see previous definition of 'FLS_MAXIMUM_AVAILABLE'
C:\Program Files (x86)\Windows Kits\10\Include\10.0.22621.0\um\winnt.h(12270): message : #define FLS_MAXIMUM_AVAILABLE 4080
  pe.cpp
C:\Users\dorge\Downloads\gdrv-loader-master (1)\gdrv-loader-master\src\ntdll.h(2794,1): warning C4005: 'FLS_MAXIMUM_AVAILABLE': macro redefinition
C:\Users\dorge\Downloads\gdrv-loader-master (1)\gdrv-loader-master\src\ntdll.h(2794,1): warning C4005: #define FLS_MAXIMUM_AVAILABLE 128
C:\Users\dorge\Downloads\gdrv-loader-master (1)\gdrv-loader-master\src\ntdll.h(2794,1): warning C4005: ^
C:\Program Files (x86)\Windows Kits\10\Include\10.0.22621.0\um\winnt.h(12270): message : see previous definition of 'FLS_MAXIMUM_AVAILABLE'
C:\Program Files (x86)\Windows Kits\10\Include\10.0.22621.0\um\winnt.h(12270): message : #define FLS_MAXIMUM_AVAILABLE 4080
  swind2.cpp
C:\Users\dorge\Downloads\gdrv-loader-master (1)\gdrv-loader-master\src\ntdll.h(2794,1): warning C4005: 'FLS_MAXIMUM_AVAILABLE': macro redefinition
C:\Users\dorge\Downloads\gdrv-loader-master (1)\gdrv-loader-master\src\ntdll.h(2794,1): warning C4005: #define FLS_MAXIMUM_AVAILABLE 128
C:\Users\dorge\Downloads\gdrv-loader-master (1)\gdrv-loader-master\src\ntdll.h(2794,1): warning C4005: ^
C:\Program Files (x86)\Windows Kits\10\Include\10.0.22621.0\um\winnt.h(12270): message : see previous definition of 'FLS_MAXIMUM_AVAILABLE'
C:\Program Files (x86)\Windows Kits\10\Include\10.0.22621.0\um\winnt.h(12270): message : #define FLS_MAXIMUM_AVAILABLE 4080
  sysinfo.cpp
C:\Users\dorge\Downloads\gdrv-loader-master (1)\gdrv-loader-master\src\ntdll.h(2794,1): warning C4005: 'FLS_MAXIMUM_AVAILABLE': macro redefinition
C:\Users\dorge\Downloads\gdrv-loader-master (1)\gdrv-loader-master\src\ntdll.h(2794,1): warning C4005: #define FLS_MAXIMUM_AVAILABLE 128
C:\Users\dorge\Downloads\gdrv-loader-master (1)\gdrv-loader-master\src\ntdll.h(2794,1): warning C4005: ^
C:\Program Files (x86)\Windows Kits\10\Include\10.0.22621.0\um\winnt.h(12270): message : see previous definition of 'FLS_MAXIMUM_AVAILABLE'
C:\Program Files (x86)\Windows Kits\10\Include\10.0.22621.0\um\winnt.h(12270): message : #define FLS_MAXIMUM_AVAILABLE 4080
  Generating Code...
  gdrv-loader.vcxproj -> C:\Users\dorge\Downloads\gdrv-loader-master (1)\gdrv-loader-master\bin\swind2.exe
